CRITICAL - 2020-12-30 08:51:47 --> Array to string conversion
#0 C:\xampp\htdocs\login_register\app\Controllers\Register.php(41): CodeIgniter\Debug\Exceptions->errorHandler(8, 'Array to string...', 'C:\\xampp\\htdocs...', 41, Array)
#1 C:\xampp\htdocs\login_register\system\CodeIgniter.php(918): App\Controllers\Register->save()
#2 C:\xampp\htdocs\login_register\system\CodeIgniter.php(404): CodeIgniter\CodeIgniter->runController(Object(App\Controllers\Register))
#3 C:\xampp\htdocs\login_register\system\CodeIgniter.php(312): CodeIgniter\CodeIgniter->handleRequest(NULL, Object(Config\Cache), false)
#4 C:\xampp\htdocs\login_register\public\index.php(45): CodeIgniter\CodeIgniter->run()
#5 C:\xampp\htdocs\login_register\system\Commands\Server\rewrite.php(34): require_once('C:\\xampp\\htdocs...')
#6 {main}
CRITICAL - 2020-12-30 09:53:00 --> Invalid file: d/v_departemen.php
#0 C:\xampp\htdocs\login_register\system\View\View.php(228): CodeIgniter\Exceptions\FrameworkException::forInvalidFile('d/v_departemen....')
#1 C:\xampp\htdocs\login_register\system\Common.php(1119): CodeIgniter\View\View->render('d/v_departemen', Array, true)
#2 C:\xampp\htdocs\login_register\app\Views\layout\v_content.php(4): view('d/v_departemen')
#3 C:\xampp\htdocs\login_register\system\View\View.php(246): include('C:\\xampp\\htdocs...')
#4 C:\xampp\htdocs\login_register\system\Common.php(1119): CodeIgniter\View\View->render('layout/v_conten...', Array, true)
#5 C:\xampp\htdocs\login_register\app\Views\layout\v_wrapper.php(5): view('layout/v_conten...')
#6 C:\xampp\htdocs\login_register\system\View\View.php(246): include('C:\\xampp\\htdocs...')
#7 C:\xampp\htdocs\login_register\system\Common.php(1119): CodeIgniter\View\View->render('layout/v_wrappe...', Array, true)
#8 C:\xampp\htdocs\login_register\app\Controllers\Dashboard.php(17): view('layout/v_wrappe...', Array)
#9 C:\xampp\htdocs\login_register\system\CodeIgniter.php(918): App\Controllers\Dashboard->index()
#10 C:\xampp\htdocs\login_register\system\CodeIgniter.php(404): CodeIgniter\CodeIgniter->runController(Object(App\Controllers\Dashboard))
#11 C:\xampp\htdocs\login_register\system\CodeIgniter.php(312): CodeIgniter\CodeIgniter->handleRequest(NULL, Object(Config\Cache), false)
#12 C:\xampp\htdocs\login_register\public\index.php(45): CodeIgniter\CodeIgniter->run()
#13 C:\xampp\htdocs\login_register\system\Commands\Server\rewrite.php(34): require_once('C:\\xampp\\htdocs...')
#14 {main}
CRITICAL - 2020-12-30 10:31:04 --> Table 'login_db.tbl_ktp' doesn't exist
#0 C:\xampp\htdocs\login_register\system\Database\MySQLi\Connection.php(331): mysqli->query('SELECT *\nFROM `...')
#1 C:\xampp\htdocs\login_register\system\Database\BaseConnection.php(741): CodeIgniter\Database\MySQLi\Connection->execute('SELECT *\nFROM `...')
#2 C:\xampp\htdocs\login_register\system\Database\BaseConnection.php(669): CodeIgniter\Database\BaseConnection->simpleQuery('SELECT *\nFROM `...')
#3 C:\xampp\htdocs\login_register\system\Database\BaseBuilder.php(1860): CodeIgniter\Database\BaseConnection->query('SELECT *\nFROM `...', Array, false)
#4 C:\xampp\htdocs\login_register\system\Model.php(462): CodeIgniter\Database\BaseBuilder->get()
#5 C:\xampp\htdocs\login_register\app\Models\KtpModel.php(24): CodeIgniter\Model->findAll()
#6 C:\xampp\htdocs\login_register\app\Controllers\Dashboard.php(22): App\Models\KtpModel->get_ktp()
#7 C:\xampp\htdocs\login_register\system\CodeIgniter.php(918): App\Controllers\Dashboard->index()
#8 C:\xampp\htdocs\login_register\system\CodeIgniter.php(404): CodeIgniter\CodeIgniter->runController(Object(App\Controllers\Dashboard))
#9 C:\xampp\htdocs\login_register\system\CodeIgniter.php(312): CodeIgniter\CodeIgniter->handleRequest(NULL, Object(Config\Cache), false)
#10 C:\xampp\htdocs\login_register\public\index.php(45): CodeIgniter\CodeIgniter->run()
#11 C:\xampp\htdocs\login_register\system\Commands\Server\rewrite.php(34): require_once('C:\\xampp\\htdocs...')
#12 {main}
CRITICAL - 2020-12-30 10:54:51 --> Column 'alamat' cannot be null
#0 C:\xampp\htdocs\login_register\system\Database\MySQLi\Connection.php(331): mysqli->query('INSERT INTO `kt...')
#1 C:\xampp\htdocs\login_register\system\Database\BaseConnection.php(741): CodeIgniter\Database\MySQLi\Connection->execute('INSERT INTO `kt...')
#2 C:\xampp\htdocs\login_register\system\Database\BaseConnection.php(669): CodeIgniter\Database\BaseConnection->simpleQuery('INSERT INTO `kt...')
#3 C:\xampp\htdocs\login_register\system\Database\BaseBuilder.php(2249): CodeIgniter\Database\BaseConnection->query('INSERT INTO `kt...', Array, false)
#4 C:\xampp\htdocs\login_register\app\Models\KtpModel.php(32): CodeIgniter\Database\BaseBuilder->insert(Array)
#5 C:\xampp\htdocs\login_register\app\Controllers\Dashboard.php(56): App\Models\KtpModel->insert_ktp(Array)
#6 C:\xampp\htdocs\login_register\system\CodeIgniter.php(918): App\Controllers\Dashboard->save()
#7 C:\xampp\htdocs\login_register\system\CodeIgniter.php(404): CodeIgniter\CodeIgniter->runController(Object(App\Controllers\Dashboard))
#8 C:\xampp\htdocs\login_register\system\CodeIgniter.php(312): CodeIgniter\CodeIgniter->handleRequest(NULL, Object(Config\Cache), false)
#9 C:\xampp\htdocs\login_register\public\index.php(45): CodeIgniter\CodeIgniter->run()
#10 C:\xampp\htdocs\login_register\system\Commands\Server\rewrite.php(34): require_once('C:\\xampp\\htdocs...')
#11 {main}
CRITICAL - 2020-12-30 10:55:41 --> Column 'alamat' cannot be null
#0 C:\xampp\htdocs\login_register\system\Database\MySQLi\Connection.php(331): mysqli->query('INSERT INTO `kt...')
#1 C:\xampp\htdocs\login_register\system\Database\BaseConnection.php(741): CodeIgniter\Database\MySQLi\Connection->execute('INSERT INTO `kt...')
#2 C:\xampp\htdocs\login_register\system\Database\BaseConnection.php(669): CodeIgniter\Database\BaseConnection->simpleQuery('INSERT INTO `kt...')
#3 C:\xampp\htdocs\login_register\system\Database\BaseBuilder.php(2249): CodeIgniter\Database\BaseConnection->query('INSERT INTO `kt...', Array, false)
#4 C:\xampp\htdocs\login_register\app\Models\KtpModel.php(32): CodeIgniter\Database\BaseBuilder->insert(Array)
#5 C:\xampp\htdocs\login_register\app\Controllers\Dashboard.php(56): App\Models\KtpModel->insert_ktp(Array)
#6 C:\xampp\htdocs\login_register\system\CodeIgniter.php(918): App\Controllers\Dashboard->save()
#7 C:\xampp\htdocs\login_register\system\CodeIgniter.php(404): CodeIgniter\CodeIgniter->runController(Object(App\Controllers\Dashboard))
#8 C:\xampp\htdocs\login_register\system\CodeIgniter.php(312): CodeIgniter\CodeIgniter->handleRequest(NULL, Object(Config\Cache), false)
#9 C:\xampp\htdocs\login_register\public\index.php(45): CodeIgniter\CodeIgniter->run()
#10 C:\xampp\htdocs\login_register\system\Commands\Server\rewrite.php(34): require_once('C:\\xampp\\htdocs...')
#11 {main}
CRITICAL - 2020-12-30 10:56:03 --> Column 'pekerjaan' cannot be null
#0 C:\xampp\htdocs\login_register\system\Database\MySQLi\Connection.php(331): mysqli->query('INSERT INTO `kt...')
#1 C:\xampp\htdocs\login_register\system\Database\BaseConnection.php(741): CodeIgniter\Database\MySQLi\Connection->execute('INSERT INTO `kt...')
#2 C:\xampp\htdocs\login_register\system\Database\BaseConnection.php(669): CodeIgniter\Database\BaseConnection->simpleQuery('INSERT INTO `kt...')
#3 C:\xampp\htdocs\login_register\system\Database\BaseBuilder.php(2249): CodeIgniter\Database\BaseConnection->query('INSERT INTO `kt...', Array, false)
#4 C:\xampp\htdocs\login_register\app\Models\KtpModel.php(32): CodeIgniter\Database\BaseBuilder->insert(Array)
#5 C:\xampp\htdocs\login_register\app\Controllers\Dashboard.php(56): App\Models\KtpModel->insert_ktp(Array)
#6 C:\xampp\htdocs\login_register\system\CodeIgniter.php(918): App\Controllers\Dashboard->save()
#7 C:\xampp\htdocs\login_register\system\CodeIgniter.php(404): CodeIgniter\CodeIgniter->runController(Object(App\Controllers\Dashboard))
#8 C:\xampp\htdocs\login_register\system\CodeIgniter.php(312): CodeIgniter\CodeIgniter->handleRequest(NULL, Object(Config\Cache), false)
#9 C:\xampp\htdocs\login_register\public\index.php(45): CodeIgniter\CodeIgniter->run()
#10 C:\xampp\htdocs\login_register\system\Commands\Server\rewrite.php(34): require_once('C:\\xampp\\htdocs...')
#11 {main}
CRITICAL - 2020-12-30 10:59:01 --> Undefined index: Jenis Kelamin
#0 C:\xampp\htdocs\login_register\app\Views\ktp\v_show.php(34): CodeIgniter\Debug\Exceptions->errorHandler(8, 'Undefined index...', 'C:\\xampp\\htdocs...', 34, Array)
#1 C:\xampp\htdocs\login_register\system\View\View.php(246): include('C:\\xampp\\htdocs...')
#2 C:\xampp\htdocs\login_register\system\Common.php(1119): CodeIgniter\View\View->render('ktp/v_show', Array, true)
#3 C:\xampp\htdocs\login_register\app\Views\layout\v_content.php(4): view('ktp/v_show')
#4 C:\xampp\htdocs\login_register\system\View\View.php(246): include('C:\\xampp\\htdocs...')
#5 C:\xampp\htdocs\login_register\system\Common.php(1119): CodeIgniter\View\View->render('layout/v_conten...', Array, true)
#6 C:\xampp\htdocs\login_register\app\Views\layout\v_wrapper.php(5): view('layout/v_conten...')
#7 C:\xampp\htdocs\login_register\system\View\View.php(246): include('C:\\xampp\\htdocs...')
#8 C:\xampp\htdocs\login_register\system\Common.php(1119): CodeIgniter\View\View->render('layout/v_wrappe...', Array, true)
#9 C:\xampp\htdocs\login_register\app\Controllers\Dashboard.php(25): view('layout/v_wrappe...', Array)
#10 C:\xampp\htdocs\login_register\system\CodeIgniter.php(918): App\Controllers\Dashboard->index()
#11 C:\xampp\htdocs\login_register\system\CodeIgniter.php(404): CodeIgniter\CodeIgniter->runController(Object(App\Controllers\Dashboard))
#12 C:\xampp\htdocs\login_register\system\CodeIgniter.php(312): CodeIgniter\CodeIgniter->handleRequest(NULL, Object(Config\Cache), false)
#13 C:\xampp\htdocs\login_register\public\index.php(45): CodeIgniter\CodeIgniter->run()
#14 C:\xampp\htdocs\login_register\system\Commands\Server\rewrite.php(34): require_once('C:\\xampp\\htdocs...')
#15 {main}
CRITICAL - 2020-12-30 10:59:51 --> Undefined index: Agama
#0 C:\xampp\htdocs\login_register\app\Views\ktp\v_show.php(35): CodeIgniter\Debug\Exceptions->errorHandler(8, 'Undefined index...', 'C:\\xampp\\htdocs...', 35, Array)
#1 C:\xampp\htdocs\login_register\system\View\View.php(246): include('C:\\xampp\\htdocs...')
#2 C:\xampp\htdocs\login_register\system\Common.php(1119): CodeIgniter\View\View->render('ktp/v_show', Array, true)
#3 C:\xampp\htdocs\login_register\app\Views\layout\v_content.php(4): view('ktp/v_show')
#4 C:\xampp\htdocs\login_register\system\View\View.php(246): include('C:\\xampp\\htdocs...')
#5 C:\xampp\htdocs\login_register\system\Common.php(1119): CodeIgniter\View\View->render('layout/v_conten...', Array, true)
#6 C:\xampp\htdocs\login_register\app\Views\layout\v_wrapper.php(5): view('layout/v_conten...')
#7 C:\xampp\htdocs\login_register\system\View\View.php(246): include('C:\\xampp\\htdocs...')
#8 C:\xampp\htdocs\login_register\system\Common.php(1119): CodeIgniter\View\View->render('layout/v_wrappe...', Array, true)
#9 C:\xampp\htdocs\login_register\app\Controllers\Dashboard.php(25): view('layout/v_wrappe...', Array)
#10 C:\xampp\htdocs\login_register\system\CodeIgniter.php(918): App\Controllers\Dashboard->index()
#11 C:\xampp\htdocs\login_register\system\CodeIgniter.php(404): CodeIgniter\CodeIgniter->runController(Object(App\Controllers\Dashboard))
#12 C:\xampp\htdocs\login_register\system\CodeIgniter.php(312): CodeIgniter\CodeIgniter->handleRequest(NULL, Object(Config\Cache), false)
#13 C:\xampp\htdocs\login_register\public\index.php(45): CodeIgniter\CodeIgniter->run()
#14 C:\xampp\htdocs\login_register\system\Commands\Server\rewrite.php(34): require_once('C:\\xampp\\htdocs...')
#15 {main}
